# JRE version: Java(TM) SE Runtime Environment (8.0_181-b13) (build 1.8.0_181-b13)
# Java VM: Java HotSpot(TM) 64-Bit Server VM (25.181-b13 mixed mode windows-amd64 compressed oops)
Heap:
 PSYoungGen      total 227840K, used 182942K [0x00000000d7380000, 0x00000000ec100000, 0x0000000100000000)
  eden space 213504K, 85% used [0x00000000d7380000,0x00000000e2627ab0,0x00000000e4400000)
  from space 14336K, 0% used [0x00000000e4400000,0x00000000e4400000,0x00000000e5200000)
  to   space 14848K, 0% used [0x00000000eb280000,0x00000000eb280000,0x00000000ec100000)
 ParOldGen       total 88064K, used 22117K [0x0000000085a00000, 0x000000008b000000, 0x00000000d7380000)
  object space 88064K, 25% used [0x0000000085a00000,0x0000000086f99440,0x000000008b000000)
 Metaspace       used 39471K, capacity 39898K, committed 40152K, reserved 1083392K
  class space    used 5141K, capacity 5262K, committed 5336K, reserved 1048576K
GC Heap History (10 events):
Event: 7.078 GC heap before
{Heap before GC invocations=7 (full 1):
 PSYoungGen      total 138752K, used 8735K [0x00000000d7380000, 0x00000000e0680000, 0x0000000100000000)
  eden space 126976K, 0% used [0x00000000d7380000,0x00000000d7380000,0x00000000def80000)
  from space 11776K, 74% used [0x00000000dfb00000,0x00000000e0387e78,0x00000000e0680000)
  to   space 11776K, 0% used [0x00000000def80000,0x00000000def80000,0x00000000dfb00000)
 ParOldGen       total 84992K, used 11778K [0x0000000085a00000, 0x000000008ad00000, 0x00000000d7380000)
  object space 84992K, 13% used [0x0000000085a00000,0x0000000086580b78,0x000000008ad00000)
 Metaspace       used 20923K, capacity 21176K, committed 21248K, reserved 1067008K
  class space    used 2700K, capacity 2778K, committed 2816K, reserved 1048576K
Event: 7.126 GC heap after
Heap after GC invocations=7 (full 1):
 PSYoungGen      total 138752K, used 0K [0x00000000d7380000, 0x00000000e0680000, 0x0000000100000000)
  eden space 126976K, 0% used [0x00000000d7380000,0x00000000d7380000,0x00000000def80000)
  from space 11776K, 0% used [0x00000000dfb00000,0x00000000dfb00000,0x00000000e0680000)
  to   space 11776K, 0% used [0x00000000def80000,0x00000000def80000,0x00000000dfb00000)
 ParOldGen       total 59904K, used 13110K [0x0000000085a00000, 0x0000000089480000, 0x00000000d7380000)
  object space 59904K, 21% used [0x0000000085a00000,0x00000000866cd9b8,0x0000000089480000)
 Metaspace       used 20923K, capacity 21176K, committed 21248K, reserved 1067008K
  class space    used 2700K, capacity 2778K, committed 2816K, reserved 1048576K
}
Event: 8.117 GC heap before
{Heap before GC invocations=8 (full 1):
 PSYoungGen      total 138752K, used 126944K [0x00000000d7380000, 0x00000000e0680000, 0x0000000100000000)
  eden space 126976K, 99% used [0x00000000d7380000,0x00000000def78250,0x00000000def80000)
  from space 11776K, 0% used [0x00000000dfb00000,0x00000000dfb00000,0x00000000e0680000)
  to   space 11776K, 0% used [0x00000000def80000,0x00000000def80000,0x00000000dfb00000)
 ParOldGen       total 59904K, used 13110K [0x0000000085a00000, 0x0000000089480000, 0x00000000d7380000)
  object space 59904K, 21% used [0x0000000085a00000,0x00000000866cd9b8,0x0000000089480000)
 Metaspace       used 25590K, capacity 25970K, committed 26240K, reserved 1073152K
  class space    used 3289K, capacity 3401K, committed 3456K, reserved 1048576K
Event: 8.127 GC heap after
Heap after GC invocations=8 (full 1):
 PSYoungGen      total 138752K, used 8578K [0x00000000d7380000, 0x00000000e5d80000, 0x0000000100000000)
  eden space 126976K, 0% used [0x00000000d7380000,0x00000000d7380000,0x00000000def80000)
  from space 11776K, 72% used [0x00000000def80000,0x00000000df7e09a8,0x00000000dfb00000)
  to   space 11776K, 0% used [0x00000000e5200000,0x00000000e5200000,0x00000000e5d80000)
 ParOldGen       total 59904K, used 13118K [0x0000000085a00000, 0x0000000089480000, 0x00000000d7380000)
  object space 59904K, 21% used [0x0000000085a00000,0x00000000866cf9b8,0x0000000089480000)
 Metaspace       used 25590K, capacity 25970K, committed 26240K, reserved 1073152K
  class space    used 3289K, capacity 3401K, committed 3456K, reserved 1048576K
}
Event: 9.346 GC heap before
{Heap before GC invocations=9 (full 1):
 PSYoungGen      total 138752K, used 135554K [0x00000000d7380000, 0x00000000e5d80000, 0x0000000100000000)
  eden space 126976K, 100% used [0x00000000d7380000,0x00000000def80000,0x00000000def80000)
  from space 11776K, 72% used [0x00000000def80000,0x00000000df7e09a8,0x00000000dfb00000)
  to   space 11776K, 0% used [0x00000000e5200000,0x00000000e5200000,0x00000000e5d80000)
 ParOldGen       total 59904K, used 13118K [0x0000000085a00000, 0x0000000089480000, 0x00000000d7380000)
  object space 59904K, 21% used [0x0000000085a00000,0x00000000866cf9b8,0x0000000089480000)
 Metaspace       used 33447K, capacity 33846K, committed 34176K, reserved 1079296K
  class space    used 4334K, capacity 4463K, committed 4480K, reserved 1048576K
Event: 9.365 GC heap after
Heap after GC invocations=9 (full 1):
 PSYoungGen      total 225280K, used 11747K [0x00000000d7380000, 0x00000000e6280000, 0x0000000100000000)
  eden space 213504K, 0% used [0x00000000d7380000,0x00000000d7380000,0x00000000e4400000)
  from space 11776K, 99% used [0x00000000e5200000,0x00000000e5d78e60,0x00000000e5d80000)
  to   space 14336K, 0% used [0x00000000e4400000,0x00000000e4400000,0x00000000e5200000)
 ParOldGen       total 59904K, used 15971K [0x0000000085a00000, 0x0000000089480000, 0x00000000d7380000)
  object space 59904K, 26% used [0x0000000085a00000,0x0000000086998f40,0x0000000089480000)
 Metaspace       used 33447K, capacity 33846K, committed 34176K, reserved 1079296K
  class space    used 4334K, capacity 4463K, committed 4480K, reserved 1048576K
}
Event: 9.875 GC heap before
{Heap before GC invocations=10 (full 1):
 PSYoungGen      total 225280K, used 59179K [0x00000000d7380000, 0x00000000e6280000, 0x0000000100000000)
  eden space 213504K, 22% used [0x00000000d7380000,0x00000000da1d1e08,0x00000000e4400000)
  from space 11776K, 99% used [0x00000000e5200000,0x00000000e5d78e60,0x00000000e5d80000)
  to   space 14336K, 0% used [0x00000000e4400000,0x00000000e4400000,0x00000000e5200000)
 ParOldGen       total 59904K, used 15971K [0x0000000085a00000, 0x0000000089480000, 0x00000000d7380000)
  object space 59904K, 26% used [0x0000000085a00000,0x0000000086998f40,0x0000000089480000)
 Metaspace       used 34795K, capacity 35216K, committed 35416K, reserved 1079296K
  class space    used 4512K, capacity 4634K, committed 4696K, reserved 1048576K
Event: 9.897 GC heap after
Heap after GC invocations=10 (full 1):
 PSYoungGen      total 227840K, used 11629K [0x00000000d7380000, 0x00000000ec100000, 0x0000000100000000)
  eden space 213504K, 0% used [0x00000000d7380000,0x00000000d7380000,0x00000000e4400000)
  from space 14336K, 81% used [0x00000000e4400000,0x00000000e4f5b440,0x00000000e5200000)
  to   space 14848K, 0% used [0x00000000eb280000,0x00000000eb280000,0x00000000ec100000)
 ParOldGen       total 59904K, used 15979K [0x0000000085a00000, 0x0000000089480000, 0x00000000d7380000)
  object space 59904K, 26% used [0x0000000085a00000,0x000000008699af40,0x0000000089480000)
 Metaspace       used 34795K, capacity 35216K, committed 35416K, reserved 1079296K
  class space    used 4512K, capacity 4634K, committed 4696K, reserved 1048576K
}
Event: 9.897 GC heap before
{Heap before GC invocations=11 (full 2):
 PSYoungGen      total 227840K, used 11629K [0x00000000d7380000, 0x00000000ec100000, 0x0000000100000000)
  eden space 213504K, 0% used [0x00000000d7380000,0x00000000d7380000,0x00000000e4400000)
  from space 14336K, 81% used [0x00000000e4400000,0x00000000e4f5b440,0x00000000e5200000)
  to   space 14848K, 0% used [0x00000000eb280000,0x00000000eb280000,0x00000000ec100000)
 ParOldGen       total 59904K, used 15979K [0x0000000085a00000, 0x0000000089480000, 0x00000000d7380000)
  object space 59904K, 26% used [0x0000000085a00000,0x000000008699af40,0x0000000089480000)
 Metaspace       used 34795K, capacity 35216K, committed 35416K, reserved 1079296K
  class space    used 4512K, capacity 4634K, committed 4696K, reserved 1048576K
Event: 9.985 GC heap after
Heap after GC invocations=11 (full 2):
 PSYoungGen      total 227840K, used 0K [0x00000000d7380000, 0x00000000ec100000, 0x0000000100000000)
  eden space 213504K, 0% used [0x00000000d7380000,0x00000000d7380000,0x00000000e4400000)
  from space 14336K, 0% used [0x00000000e4400000,0x00000000e4400000,0x00000000e5200000)
  to   space 14848K, 0% used [0x00000000eb280000,0x00000000eb280000,0x00000000ec100000)
 ParOldGen       total 88064K, used 22117K [0x0000000085a00000, 0x000000008b000000, 0x00000000d7380000)
  object space 88064K, 25% used [0x0000000085a00000,0x0000000086f99440,0x000000008b000000)
 Metaspace       used 34795K, capacity 35216K, committed 35416K, reserved 1079296K
  class space    used 4512K, capacity 4634K, committed 4696K, reserved 1048576K
}

